root - INFO - Log file: 2022-05-02_14-03 
 
 
googleapiclient.discovery_cache - INFO - file_cache is only supported with oauth2client<4.0.0
googleapiclient.discovery - DEBUG - URL being requested: PUT https://admin.googleapis.com/admin/directory/v1/users/abello.marco%40edu.itspiemonte.it?alt=json
root - INFO - abello.marco@edu.itspiemonte.it is suspended
googleapiclient.discovery - DEBUG - URL being requested: PUT https://admin.googleapis.com/admin/directory/v1/users/adriano.ghizzoni%40edu.itspiemonte.it?alt=json
root - INFO - adriano.ghizzoni@edu.itspiemonte.it is suspended
googleapiclient.discovery - DEBUG - URL being requested: PUT https://admin.googleapis.com/admin/directory/v1/users/aimar.paolo%40edu.itspiemonte.it?alt=json
root - INFO - aimar.paolo@edu.itspiemonte.it is suspended
googleapiclient.discovery - DEBUG - URL being requested: PUT https://admin.googleapis.com/admin/directory/v1/users/alberto.mazzucchelli%40edu.itspiemonte.it?alt=json
root - INFO - alberto.mazzucchelli@edu.itspiemonte.it is suspended
googleapiclient.discovery - DEBUG - URL being requested: PUT https://admin.googleapis.com/admin/directory/v1/users/alessandro.beltrame%40edu.itspiemonte.it?alt=json
root - INFO - alessandro.beltrame@edu.itspiemonte.it is suspended
googleapiclient.discovery - DEBUG - URL being requested: PUT https://admin.googleapis.com/admin/directory/v1/users/alessandro.cortelazzo%40edu.itspiemonte.it?alt=json
root - INFO - alessandro.cortelazzo@edu.itspiemonte.it is suspended
googleapiclient.discovery - DEBUG - URL being requested: PUT https://admin.googleapis.com/admin/directory/v1/users/alessandro.garza%40edu.itspiemonte.it?alt=json
root - INFO - alessandro.garza@edu.itspiemonte.it is suspended
googleapiclient.discovery - DEBUG - URL being requested: PUT https://admin.googleapis.com/admin/directory/v1/users/alessandro.moscone%40edu.itspiemonte.it?alt=json
root - INFO - alessandro.moscone@edu.itspiemonte.it is suspended
googleapiclient.discovery - DEBUG - URL being requested: PUT https://admin.googleapis.com/admin/directory/v1/users/alessandro.ravarino%40edu.itspiemonte.it?alt=json
root - INFO - alessandro.ravarino@edu.itspiemonte.it is suspended
googleapiclient.discovery - DEBUG - URL being requested: PUT https://admin.googleapis.com/admin/directory/v1/users/alessandro.romeo%40edu.itspiemonte.it?alt=json
root - INFO - alessandro.romeo@edu.itspiemonte.it is suspended
googleapiclient.discovery - DEBUG - URL being requested: PUT https://admin.googleapis.com/admin/directory/v1/users/alessandro.sottile%40edu.itspiemonte.it?alt=json
root - INFO - alessandro.sottile@edu.itspiemonte.it is suspended
googleapiclient.discovery - DEBUG - URL being requested: PUT https://admin.googleapis.com/admin/directory/v1/users/alessia.devoli%40edu.itspiemonte.it?alt=json
root - INFO - alessia.devoli@edu.itspiemonte.it is suspended
googleapiclient.discovery - DEBUG - URL being requested: PUT https://admin.googleapis.com/admin/directory/v1/users/alladio.mattia%40edu.itspiemonte.it?alt=json
root - INFO - alladio.mattia@edu.itspiemonte.it is suspended
googleapiclient.discovery - DEBUG - URL being requested: PUT https://admin.googleapis.com/admin/directory/v1/users/alloacasale.federico%40edu.itspiemonte.it?alt=json
root - INFO - alloacasale.federico@edu.itspiemonte.it is suspended
googleapiclient.discovery - DEBUG - URL being requested: PUT https://admin.googleapis.com/admin/directory/v1/users/almadanat.omar%40edu.itspiemonte.it?alt=json
root - INFO - almadanat.omar@edu.itspiemonte.it is suspended
googleapiclient.discovery - DEBUG - URL being requested: PUT https://admin.googleapis.com/admin/directory/v1/users/andrea.cantino%40edu.itspiemonte.it?alt=json
root - INFO - andrea.cantino@edu.itspiemonte.it is suspended
googleapiclient.discovery - DEBUG - URL being requested: PUT https://admin.googleapis.com/admin/directory/v1/users/andrea.dimaio%40edu.itspiemonte.it?alt=json
root - INFO - andrea.dimaio@edu.itspiemonte.it is suspended
googleapiclient.discovery - DEBUG - URL being requested: PUT https://admin.googleapis.com/admin/directory/v1/users/andrea.marcis%40edu.itspiemonte.it?alt=json
root - INFO - andrea.marcis@edu.itspiemonte.it is suspended
googleapiclient.discovery - DEBUG - URL being requested: PUT https://admin.googleapis.com/admin/directory/v1/users/andrea.nico%40edu.itspiemonte.it?alt=json
root - INFO - andrea.nico@edu.itspiemonte.it is suspended
googleapiclient.discovery - DEBUG - URL being requested: PUT https://admin.googleapis.com/admin/directory/v1/users/andrea.quitadamo%40edu.itspiemonte.it?alt=json
root - INFO - andrea.quitadamo@edu.itspiemonte.it is suspended
googleapiclient.discovery - DEBUG - URL being requested: PUT https://admin.googleapis.com/admin/directory/v1/users/angelo.mariuti%40edu.itspiemonte.it?alt=json
root - INFO - angelo.mariuti@edu.itspiemonte.it is suspended
googleapiclient.discovery - DEBUG - URL being requested: PUT https://admin.googleapis.com/admin/directory/v1/users/anthonyyoel.velafernandez%40edu.itspiemonte.it?alt=json
root - INFO - anthonyyoel.velafernandez@edu.itspiemonte.it is suspended
googleapiclient.discovery - DEBUG - URL being requested: PUT https://admin.googleapis.com/admin/directory/v1/users/antonione.davide%40edu.itspiemonte.it?alt=json
root - INFO - antonione.davide@edu.itspiemonte.it is suspended
googleapiclient.discovery - DEBUG - URL being requested: PUT https://admin.googleapis.com/admin/directory/v1/users/anzoise.federica%40edu.itspiemonte.it?alt=json
root - INFO - anzoise.federica@edu.itspiemonte.it is suspended
googleapiclient.discovery - DEBUG - URL being requested: PUT https://admin.googleapis.com/admin/directory/v1/users/aragno.luca%40edu.itspiemonte.it?alt=json
root - INFO - aragno.luca@edu.itspiemonte.it is suspended
googleapiclient.discovery - DEBUG - URL being requested: PUT https://admin.googleapis.com/admin/directory/v1/users/arrigoni.paolo%40edu.itspiemonte.it?alt=json
root - INFO - arrigoni.paolo@edu.itspiemonte.it is suspended
googleapiclient.discovery - DEBUG - URL being requested: PUT https://admin.googleapis.com/admin/directory/v1/users/avvisato.francesco%40edu.itspiemonte.it?alt=json
root - INFO - avvisato.francesco@edu.itspiemonte.it is suspended
googleapiclient.discovery - DEBUG - URL being requested: PUT https://admin.googleapis.com/admin/directory/v1/users/badreddine.essanbi%40edu.itspiemonte.it?alt=json
root - INFO - badreddine.essanbi@edu.itspiemonte.it is suspended
googleapiclient.discovery - DEBUG - URL being requested: PUT https://admin.googleapis.com/admin/directory/v1/users/barra.andrea%40edu.itspiemonte.it?alt=json
root - INFO - barra.andrea@edu.itspiemonte.it is suspended
googleapiclient.discovery - DEBUG - URL being requested: PUT https://admin.googleapis.com/admin/directory/v1/users/beligan.silviudaniel%40edu.itspiemonte.it?alt=json
root - INFO - beligan.silviudaniel@edu.itspiemonte.it is suspended
googleapiclient.discovery - DEBUG - URL being requested: PUT https://admin.googleapis.com/admin/directory/v1/users/bernardi.francesco%40edu.itspiemonte.it?alt=json
root - INFO - bernardi.francesco@edu.itspiemonte.it is suspended
googleapiclient.discovery - DEBUG - URL being requested: PUT https://admin.googleapis.com/admin/directory/v1/users/bernocco.francesco%40edu.itspiemonte.it?alt=json
root - INFO - bernocco.francesco@edu.itspiemonte.it is suspended
googleapiclient.discovery - DEBUG - URL being requested: PUT https://admin.googleapis.com/admin/directory/v1/users/bertolone.samuele%40edu.itspiemonte.it?alt=json
root - INFO - bertolone.samuele@edu.itspiemonte.it is suspended
googleapiclient.discovery - DEBUG - URL being requested: PUT https://admin.googleapis.com/admin/directory/v1/users/bima.andrea%40edu.itspiemonte.it?alt=json
root - INFO - bima.andrea@edu.itspiemonte.it is suspended
googleapiclient.discovery - DEBUG - URL being requested: PUT https://admin.googleapis.com/admin/directory/v1/users/boccardo.loris%40edu.itspiemonte.it?alt=json
root - INFO - boccardo.loris@edu.itspiemonte.it is suspended
googleapiclient.discovery - DEBUG - URL being requested: PUT https://admin.googleapis.com/admin/directory/v1/users/bonicco.mattia%40edu.itspiemonte.it?alt=json
root - INFO - bonicco.mattia@edu.itspiemonte.it is suspended
googleapiclient.discovery - DEBUG - URL being requested: PUT https://admin.googleapis.com/admin/directory/v1/users/borgna.marco%40edu.itspiemonte.it?alt=json
root - INFO - borgna.marco@edu.itspiemonte.it is suspended
googleapiclient.discovery - DEBUG - URL being requested: PUT https://admin.googleapis.com/admin/directory/v1/users/bozzola.michela%40edu.itspiemonte.it?alt=json
root - INFO - bozzola.michela@edu.itspiemonte.it is suspended
googleapiclient.discovery - DEBUG - URL being requested: PUT https://admin.googleapis.com/admin/directory/v1/users/brignone.lorenzo%40edu.itspiemonte.it?alt=json
root - INFO - brignone.lorenzo@edu.itspiemonte.it is suspended
googleapiclient.discovery - DEBUG - URL being requested: PUT https://admin.googleapis.com/admin/directory/v1/users/bruna.giuliano%40edu.itspiemonte.it?alt=json
root - INFO - bruna.giuliano@edu.itspiemonte.it is suspended
googleapiclient.discovery - DEBUG - URL being requested: PUT https://admin.googleapis.com/admin/directory/v1/users/capaldi.laura%40edu.itspiemonte.it?alt=json
root - INFO - capaldi.laura@edu.itspiemonte.it is suspended
googleapiclient.discovery - DEBUG - URL being requested: PUT https://admin.googleapis.com/admin/directory/v1/users/capettini.umberto%40edu.itspiemonte.it?alt=json
root - INFO - capettini.umberto@edu.itspiemonte.it is suspended
googleapiclient.discovery - DEBUG - URL being requested: PUT https://admin.googleapis.com/admin/directory/v1/users/caula.fabrizio%40edu.itspiemonte.it?alt=json
root - INFO - caula.fabrizio@edu.itspiemonte.it is suspended
googleapiclient.discovery - DEBUG - URL being requested: PUT https://admin.googleapis.com/admin/directory/v1/users/caula.matteo%40edu.itspiemonte.it?alt=json
root - INFO - caula.matteo@edu.itspiemonte.it is suspended
googleapiclient.discovery - DEBUG - URL being requested: PUT https://admin.googleapis.com/admin/directory/v1/users/chiapello.enrico%40edu.itspiemonte.it?alt=json
root - INFO - chiapello.enrico@edu.itspiemonte.it is suspended
googleapiclient.discovery - DEBUG - URL being requested: PUT https://admin.googleapis.com/admin/directory/v1/users/chiavero.alberto%40edu.itspiemonte.it?alt=json
root - INFO - chiavero.alberto@edu.itspiemonte.it is suspended
googleapiclient.discovery - DEBUG - URL being requested: PUT https://admin.googleapis.com/admin/directory/v1/users/colombano.ezio%40edu.itspiemonte.it?alt=json
root - INFO - colombano.ezio@edu.itspiemonte.it is suspended
googleapiclient.discovery - DEBUG - URL being requested: PUT https://admin.googleapis.com/admin/directory/v1/users/conde.luisalberto%40edu.itspiemonte.it?alt=json
root - INFO - conde.luisalberto@edu.itspiemonte.it is suspended
googleapiclient.discovery - DEBUG - URL being requested: PUT https://admin.googleapis.com/admin/directory/v1/users/cossavella.andrea%40edu.itspiemonte.it?alt=json
root - INFO - cossavella.andrea@edu.itspiemonte.it is suspended
googleapiclient.discovery - DEBUG - URL being requested: PUT https://admin.googleapis.com/admin/directory/v1/users/cristiano.borio%40edu.itspiemonte.it?alt=json
root - INFO - cristiano.borio@edu.itspiemonte.it is suspended
googleapiclient.discovery - DEBUG - URL being requested: PUT https://admin.googleapis.com/admin/directory/v1/users/dadone.luca%40edu.itspiemonte.it?alt=json
root - INFO - dadone.luca@edu.itspiemonte.it is suspended
googleapiclient.discovery - DEBUG - URL being requested: PUT https://admin.googleapis.com/admin/directory/v1/users/daniele.costa%40edu.itspiemonte.it?alt=json
root - INFO - daniele.costa@edu.itspiemonte.it is suspended
googleapiclient.discovery - DEBUG - URL being requested: PUT https://admin.googleapis.com/admin/directory/v1/users/daniele.ivan%40edu.itspiemonte.it?alt=json
root - INFO - daniele.ivan@edu.itspiemonte.it is suspended
googleapiclient.discovery - DEBUG - URL being requested: PUT https://admin.googleapis.com/admin/directory/v1/users/dario.coladonato%40edu.itspiemonte.it?alt=json
root - INFO - dario.coladonato@edu.itspiemonte.it is suspended
googleapiclient.discovery - DEBUG - URL being requested: PUT https://admin.googleapis.com/admin/directory/v1/users/davide.bereny%40edu.itspiemonte.it?alt=json
root - INFO - davide.bereny@edu.itspiemonte.it is suspended
googleapiclient.discovery - DEBUG - URL being requested: PUT https://admin.googleapis.com/admin/directory/v1/users/davide.carpani%40edu.itspiemonte.it?alt=json
root - INFO - davide.carpani@edu.itspiemonte.it is suspended
googleapiclient.discovery - DEBUG - URL being requested: PUT https://admin.googleapis.com/admin/directory/v1/users/davide.gagliardi%40edu.itspiemonte.it?alt=json
root - INFO - davide.gagliardi@edu.itspiemonte.it is suspended
googleapiclient.discovery - DEBUG - URL being requested: PUT https://admin.googleapis.com/admin/directory/v1/users/davide.giampapa%40edu.itspiemonte.it?alt=json
root - INFO - davide.giampapa@edu.itspiemonte.it is suspended
googleapiclient.discovery - DEBUG - URL being requested: PUT https://admin.googleapis.com/admin/directory/v1/users/davide.luongo%40edu.itspiemonte.it?alt=json
root - INFO - davide.luongo@edu.itspiemonte.it is suspended
googleapiclient.discovery - DEBUG - URL being requested: PUT https://admin.googleapis.com/admin/directory/v1/users/davide.merlino%40edu.itspiemonte.it?alt=json
root - INFO - davide.merlino@edu.itspiemonte.it is suspended
googleapiclient.discovery - DEBUG - URL being requested: PUT https://admin.googleapis.com/admin/directory/v1/users/davide.strano%40edu.itspiemonte.it?alt=json
root - INFO - davide.strano@edu.itspiemonte.it is suspended
googleapiclient.discovery - DEBUG - URL being requested: PUT https://admin.googleapis.com/admin/directory/v1/users/dellagnese.alessandro%40edu.itspiemonte.it?alt=json
root - INFO - dellagnese.alessandro@edu.itspiemonte.it is suspended
googleapiclient.discovery - DEBUG - URL being requested: PUT https://admin.googleapis.com/admin/directory/v1/users/demarco.armando%40edu.itspiemonte.it?alt=json
root - INFO - demarco.armando@edu.itspiemonte.it is suspended
googleapiclient.discovery - DEBUG - URL being requested: PUT https://admin.googleapis.com/admin/directory/v1/users/dicataldo.alessandro%40edu.itspiemonte.it?alt=json
root - INFO - dicataldo.alessandro@edu.itspiemonte.it is suspended
googleapiclient.discovery - DEBUG - URL being requested: PUT https://admin.googleapis.com/admin/directory/v1/users/dichio.boris%40edu.itspiemonte.it?alt=json
root - INFO - dichio.boris@edu.itspiemonte.it is suspended
googleapiclient.discovery - DEBUG - URL being requested: PUT https://admin.googleapis.com/admin/directory/v1/users/difranco.daniele%40edu.itspiemonte.it?alt=json
root - INFO - difranco.daniele@edu.itspiemonte.it is suspended
googleapiclient.discovery - DEBUG - URL being requested: PUT https://admin.googleapis.com/admin/directory/v1/users/dinunno.luca%40edu.itspiemonte.it?alt=json
root - INFO - dinunno.luca@edu.itspiemonte.it is suspended
googleapiclient.discovery - DEBUG - URL being requested: PUT https://admin.googleapis.com/admin/directory/v1/users/dogliani.samuel%40edu.itspiemonte.it?alt=json
root - INFO - dogliani.samuel@edu.itspiemonte.it is suspended
googleapiclient.discovery - DEBUG - URL being requested: PUT https://admin.googleapis.com/admin/directory/v1/users/dorelli.riccardo%40edu.itspiemonte.it?alt=json
root - INFO - dorelli.riccardo@edu.itspiemonte.it is suspended
googleapiclient.discovery - DEBUG - URL being requested: PUT https://admin.googleapis.com/admin/directory/v1/users/dragos.george%40edu.itspiemonte.it?alt=json
root - INFO - dragos.george@edu.itspiemonte.it is suspended
googleapiclient.discovery - DEBUG - URL being requested: PUT https://admin.googleapis.com/admin/directory/v1/users/emanuele.galati%40edu.itspiemonte.it?alt=json
root - INFO - emanuele.galati@edu.itspiemonte.it is suspended
googleapiclient.discovery - DEBUG - URL being requested: PUT https://admin.googleapis.com/admin/directory/v1/users/emanuele.marinelli%40edu.itspiemonte.it?alt=json
root - INFO - emanuele.marinelli@edu.itspiemonte.it is suspended
googleapiclient.discovery - DEBUG - URL being requested: PUT https://admin.googleapis.com/admin/directory/v1/users/enrico.davide%40edu.itspiemonte.it?alt=json
root - INFO - enrico.davide@edu.itspiemonte.it is suspended
googleapiclient.discovery - DEBUG - URL being requested: PUT https://admin.googleapis.com/admin/directory/v1/users/enrico.rivolta%40edu.itspiemonte.it?alt=json
root - INFO - enrico.rivolta@edu.itspiemonte.it is suspended
googleapiclient.discovery - DEBUG - URL being requested: PUT https://admin.googleapis.com/admin/directory/v1/users/erika.ribet%40edu.itspiemonte.it?alt=json
root - INFO - erika.ribet@edu.itspiemonte.it is suspended
googleapiclient.discovery - DEBUG - URL being requested: PUT https://admin.googleapis.com/admin/directory/v1/users/fabio.gianola%40edu.itspiemonte.it?alt=json
root - INFO - fabio.gianola@edu.itspiemonte.it is suspended
googleapiclient.discovery - DEBUG - URL being requested: PUT https://admin.googleapis.com/admin/directory/v1/users/faccioretti.luca%40edu.itspiemonte.it?alt=json
root - INFO - faccioretti.luca@edu.itspiemonte.it is suspended
googleapiclient.discovery - DEBUG - URL being requested: PUT https://admin.googleapis.com/admin/directory/v1/users/federico.digioia%40edu.itspiemonte.it?alt=json
root - INFO - federico.digioia@edu.itspiemonte.it is suspended
googleapiclient.discovery - DEBUG - URL being requested: PUT https://admin.googleapis.com/admin/directory/v1/users/felici.gabriele%40edu.itspiemonte.it?alt=json
root - INFO - felici.gabriele@edu.itspiemonte.it is suspended
googleapiclient.discovery - DEBUG - URL being requested: PUT https://admin.googleapis.com/admin/directory/v1/users/ferraris.brunella%40edu.itspiemonte.it?alt=json
root - INFO - ferraris.brunella@edu.itspiemonte.it is suspended
googleapiclient.discovery - DEBUG - URL being requested: PUT https://admin.googleapis.com/admin/directory/v1/users/ferrazzi.giacomo%40edu.itspiemonte.it?alt=json
root - INFO - ferrazzi.giacomo@edu.itspiemonte.it is suspended
googleapiclient.discovery - DEBUG - URL being requested: PUT https://admin.googleapis.com/admin/directory/v1/users/finocchiaro.gianluca%40edu.itspiemonte.it?alt=json
root - INFO - finocchiaro.gianluca@edu.itspiemonte.it is suspended
googleapiclient.discovery - DEBUG - URL being requested: PUT https://admin.googleapis.com/admin/directory/v1/users/finotti.andrea%40edu.itspiemonte.it?alt=json
root - INFO - finotti.andrea@edu.itspiemonte.it is suspended
googleapiclient.discovery - DEBUG - URL being requested: PUT https://admin.googleapis.com/admin/directory/v1/users/fornero.alberto%40edu.itspiemonte.it?alt=json
root - INFO - fornero.alberto@edu.itspiemonte.it is suspended
googleapiclient.discovery - DEBUG - URL being requested: PUT https://admin.googleapis.com/admin/directory/v1/users/forte.andrea%40edu.itspiemonte.it?alt=json
root - INFO - forte.andrea@edu.itspiemonte.it is suspended
googleapiclient.discovery - DEBUG - URL being requested: PUT https://admin.googleapis.com/admin/directory/v1/users/francesco.bullano%40edu.itspiemonte.it?alt=json
root - INFO - francesco.bullano@edu.itspiemonte.it is suspended
googleapiclient.discovery - DEBUG - URL being requested: PUT https://admin.googleapis.com/admin/directory/v1/users/francesco.lobue%40edu.itspiemonte.it?alt=json
root - INFO - francesco.lobue@edu.itspiemonte.it is suspended
googleapiclient.discovery - DEBUG - URL being requested: PUT https://admin.googleapis.com/admin/directory/v1/users/francesco.lospinuso%40edu.itspiemonte.it?alt=json
root - INFO - francesco.lospinuso@edu.itspiemonte.it is suspended
googleapiclient.discovery - DEBUG - URL being requested: PUT https://admin.googleapis.com/admin/directory/v1/users/francesco.mansi%40edu.itspiemonte.it?alt=json
root - INFO - francesco.mansi@edu.itspiemonte.it is suspended
googleapiclient.discovery - DEBUG - URL being requested: PUT https://admin.googleapis.com/admin/directory/v1/users/francesco.maruccia%40edu.itspiemonte.it?alt=json
root - INFO - francesco.maruccia@edu.itspiemonte.it is suspended
googleapiclient.discovery - DEBUG - URL being requested: PUT https://admin.googleapis.com/admin/directory/v1/users/francesco.morando%40edu.itspiemonte.it?alt=json
root - INFO - francesco.morando@edu.itspiemonte.it is suspended
googleapiclient.discovery - DEBUG - URL being requested: PUT https://admin.googleapis.com/admin/directory/v1/users/francesco.scaffidi%40edu.itspiemonte.it?alt=json
root - INFO - francesco.scaffidi@edu.itspiemonte.it is suspended
googleapiclient.discovery - DEBUG - URL being requested: PUT https://admin.googleapis.com/admin/directory/v1/users/frassini.mattia%40edu.itspiemonte.it?alt=json
root - INFO - frassini.mattia@edu.itspiemonte.it is suspended
googleapiclient.discovery - DEBUG - URL being requested: PUT https://admin.googleapis.com/admin/directory/v1/users/fregonara.andrea%40edu.itspiemonte.it?alt=json
root - INFO - fregonara.andrea@edu.itspiemonte.it is suspended
googleapiclient.discovery - DEBUG - URL being requested: PUT https://admin.googleapis.com/admin/directory/v1/users/fronda.matteo%40edu.itspiemonte.it?alt=json
root - INFO - fronda.matteo@edu.itspiemonte.it is suspended
googleapiclient.discovery - DEBUG - URL being requested: PUT https://admin.googleapis.com/admin/directory/v1/users/gabusi.ludmila%40edu.itspiemonte.it?alt=json
root - INFO - gabusi.ludmila@edu.itspiemonte.it is suspended
googleapiclient.discovery - DEBUG - URL being requested: PUT https://admin.googleapis.com/admin/directory/v1/users/gagliardi.davide%40edu.itspiemonte.it?alt=json
root - INFO - gagliardi.davide@edu.itspiemonte.it is suspended
googleapiclient.discovery - DEBUG - URL being requested: PUT https://admin.googleapis.com/admin/directory/v1/users/gami.ettore%40edu.itspiemonte.it?alt=json
root - INFO - gami.ettore@edu.itspiemonte.it is suspended
googleapiclient.discovery - DEBUG - URL being requested: PUT https://admin.googleapis.com/admin/directory/v1/users/garau.simone%40edu.itspiemonte.it?alt=json
root - INFO - garau.simone@edu.itspiemonte.it is suspended
googleapiclient.discovery - DEBUG - URL being requested: PUT https://admin.googleapis.com/admin/directory/v1/users/giacomo.treves%40edu.itspiemonte.it?alt=json
root - INFO - giacomo.treves@edu.itspiemonte.it is suspended
googleapiclient.discovery - DEBUG - URL being requested: PUT https://admin.googleapis.com/admin/directory/v1/users/giampapa.davide%40edu.itspiemonte.it?alt=json
root - INFO - giampapa.davide@edu.itspiemonte.it is suspended
googleapiclient.discovery - DEBUG - URL being requested: PUT https://admin.googleapis.com/admin/directory/v1/users/gianluca.carbonaro%40edu.itspiemonte.it?alt=json
root - INFO - gianluca.carbonaro@edu.itspiemonte.it is suspended
googleapiclient.discovery - DEBUG - URL being requested: PUT https://admin.googleapis.com/admin/directory/v1/users/giannone.victoria%40edu.itspiemonte.it?alt=json
root - INFO - giannone.victoria@edu.itspiemonte.it is suspended
googleapiclient.discovery - DEBUG - URL being requested: PUT https://admin.googleapis.com/admin/directory/v1/users/gianpiero.iannello%40edu.itspiemonte.it?alt=json
root - INFO - gianpiero.iannello@edu.itspiemonte.it is suspended
googleapiclient.discovery - DEBUG - URL being requested: PUT https://admin.googleapis.com/admin/directory/v1/users/gigantecortelazzi.manfredo%40edu.itspiemonte.it?alt=json
root - INFO - gigantecortelazzi.manfredo@edu.itspiemonte.it is suspended
googleapiclient.discovery - DEBUG - URL being requested: PUT https://admin.googleapis.com/admin/directory/v1/users/giordano.alessandro%40edu.itspiemonte.it?alt=json
root - INFO - giordano.alessandro@edu.itspiemonte.it is suspended
googleapiclient.discovery - DEBUG - URL being requested: PUT https://admin.googleapis.com/admin/directory/v1/users/giraudo.fabio%40edu.itspiemonte.it?alt=json
root - INFO - giraudo.fabio@edu.itspiemonte.it is suspended
googleapiclient.discovery - DEBUG - URL being requested: PUT https://admin.googleapis.com/admin/directory/v1/users/giudice.vincenzo%40edu.itspiemonte.it?alt=json
root - INFO - giudice.vincenzo@edu.itspiemonte.it is suspended
googleapiclient.discovery - DEBUG - URL being requested: PUT https://admin.googleapis.com/admin/directory/v1/users/giulia.zanovello%40edu.itspiemonte.it?alt=json
root - INFO - giulia.zanovello@edu.itspiemonte.it is suspended
googleapiclient.discovery - DEBUG - URL being requested: PUT https://admin.googleapis.com/admin/directory/v1/users/giulio.ferrero%40edu.itspiemonte.it?alt=json
root - INFO - giulio.ferrero@edu.itspiemonte.it is suspended
googleapiclient.discovery - DEBUG - URL being requested: PUT https://admin.googleapis.com/admin/directory/v1/users/godano.gianluca%40edu.itspiemonte.it?alt=json
root - INFO - godano.gianluca@edu.itspiemonte.it is suspended
googleapiclient.discovery - DEBUG - URL being requested: PUT https://admin.googleapis.com/admin/directory/v1/users/gonella.mauro%40edu.itspiemonte.it?alt=json
root - INFO - gonella.mauro@edu.itspiemonte.it is suspended
googleapiclient.discovery - DEBUG - URL being requested: PUT https://admin.googleapis.com/admin/directory/v1/users/granziero.marco%40edu.itspiemonte.it?alt=json
root - INFO - granziero.marco@edu.itspiemonte.it is suspended
googleapiclient.discovery - DEBUG - URL being requested: PUT https://admin.googleapis.com/admin/directory/v1/users/grogno.mattiaottavio%40edu.itspiemonte.it?alt=json
root - INFO - grogno.mattiaottavio@edu.itspiemonte.it is suspended
googleapiclient.discovery - DEBUG - URL being requested: PUT https://admin.googleapis.com/admin/directory/v1/users/guido.frache%40edu.itspiemonte.it?alt=json
root - INFO - guido.frache@edu.itspiemonte.it is suspended
googleapiclient.discovery - DEBUG - URL being requested: PUT https://admin.googleapis.com/admin/directory/v1/users/iammarino.daniele%40edu.itspiemonte.it?alt=json
root - INFO - iammarino.daniele@edu.itspiemonte.it is suspended
googleapiclient.discovery - DEBUG - URL being requested: PUT https://admin.googleapis.com/admin/directory/v1/users/iannello.gianpiero%40edu.itspiemonte.it?alt=json
root - INFO - iannello.gianpiero@edu.itspiemonte.it is suspended
googleapiclient.discovery - DEBUG - URL being requested: PUT https://admin.googleapis.com/admin/directory/v1/users/ivan.destefani%40edu.itspiemonte.it?alt=json
root - INFO - ivan.destefani@edu.itspiemonte.it is suspended
googleapiclient.discovery - DEBUG - URL being requested: PUT https://admin.googleapis.com/admin/directory/v1/users/ivan.gallea%40edu.itspiemonte.it?alt=json
root - INFO - ivan.gallea@edu.itspiemonte.it is suspended
googleapiclient.discovery - DEBUG - URL being requested: PUT https://admin.googleapis.com/admin/directory/v1/users/jacopo.daceva%40edu.itspiemonte.it?alt=json
root - INFO - jacopo.daceva@edu.itspiemonte.it is suspended
googleapiclient.discovery - DEBUG - URL being requested: PUT https://admin.googleapis.com/admin/directory/v1/users/jlassi.sabri%40edu.itspiemonte.it?alt=json
root - INFO - jlassi.sabri@edu.itspiemonte.it is suspended
googleapiclient.discovery - DEBUG - URL being requested: PUT https://admin.googleapis.com/admin/directory/v1/users/lanzetta.melanie%40edu.itspiemonte.it?alt=json
root - INFO - lanzetta.melanie@edu.itspiemonte.it is suspended
googleapiclient.discovery - DEBUG - URL being requested: PUT https://admin.googleapis.com/admin/directory/v1/users/laspisa.daniele%40edu.itspiemonte.it?alt=json
root - INFO - laspisa.daniele@edu.itspiemonte.it is suspended
googleapiclient.discovery - DEBUG - URL being requested: PUT https://admin.googleapis.com/admin/directory/v1/users/lollo.niccolo%40edu.itspiemonte.it?alt=json
root - INFO - lollo.niccolo@edu.itspiemonte.it is suspended
googleapiclient.discovery - DEBUG - URL being requested: PUT https://admin.googleapis.com/admin/directory/v1/users/loredana.frontino%40edu.itspiemonte.it?alt=json
root - INFO - loredana.frontino@edu.itspiemonte.it is suspended
googleapiclient.discovery - DEBUG - URL being requested: PUT https://admin.googleapis.com/admin/directory/v1/users/loredo.omarrafael%40edu.itspiemonte.it?alt=json
root - INFO - loredo.omarrafael@edu.itspiemonte.it is suspended
googleapiclient.discovery - DEBUG - URL being requested: PUT https://admin.googleapis.com/admin/directory/v1/users/lorillo.daniele%40edu.itspiemonte.it?alt=json
root - INFO - lorillo.daniele@edu.itspiemonte.it is suspended
googleapiclient.discovery - DEBUG - URL being requested: PUT https://admin.googleapis.com/admin/directory/v1/users/lorismattia.landi%40edu.itspiemonte.it?alt=json
root - INFO - lorismattia.landi@edu.itspiemonte.it is suspended
googleapiclient.discovery - DEBUG - URL being requested: PUT https://admin.googleapis.com/admin/directory/v1/users/luca.fassio%40edu.itspiemonte.it?alt=json
root - INFO - luca.fassio@edu.itspiemonte.it is suspended
googleapiclient.discovery - DEBUG - URL being requested: PUT https://admin.googleapis.com/admin/directory/v1/users/luca.merlo%40edu.itspiemonte.it?alt=json
root - INFO - luca.merlo@edu.itspiemonte.it is suspended
googleapiclient.discovery - DEBUG - URL being requested: PUT https://admin.googleapis.com/admin/directory/v1/users/luca.perron%40edu.itspiemonte.it?alt=json
root - INFO - luca.perron@edu.itspiemonte.it is suspended
googleapiclient.discovery - DEBUG - URL being requested: PUT https://admin.googleapis.com/admin/directory/v1/users/lucamaria.digiacomo%40edu.itspiemonte.it?alt=json
root - INFO - lucamaria.digiacomo@edu.itspiemonte.it is suspended
googleapiclient.discovery - DEBUG - URL being requested: PUT https://admin.googleapis.com/admin/directory/v1/users/lucci.stefano%40edu.itspiemonte.it?alt=json
root - INFO - lucci.stefano@edu.itspiemonte.it is suspended
googleapiclient.discovery - DEBUG - URL being requested: PUT https://admin.googleapis.com/admin/directory/v1/users/luciano.fabio%40edu.itspiemonte.it?alt=json
root - INFO - luciano.fabio@edu.itspiemonte.it is suspended
googleapiclient.discovery - DEBUG - URL being requested: PUT https://admin.googleapis.com/admin/directory/v1/users/maarouf.yaacoub%40edu.itspiemonte.it?alt=json
root - INFO - maarouf.yaacoub@edu.itspiemonte.it is suspended
googleapiclient.discovery - DEBUG - URL being requested: PUT https://admin.googleapis.com/admin/directory/v1/users/maltese.wieke%40edu.itspiemonte.it?alt=json
root - INFO - maltese.wieke@edu.itspiemonte.it is suspended
googleapiclient.discovery - DEBUG - URL being requested: PUT https://admin.googleapis.com/admin/directory/v1/users/marcis.andrea%40edu.itspiemonte.it?alt=json
root - INFO - marcis.andrea@edu.itspiemonte.it is suspended
googleapiclient.discovery - DEBUG - URL being requested: PUT https://admin.googleapis.com/admin/directory/v1/users/marco.biga%40edu.itspiemonte.it?alt=json
root - INFO - marco.biga@edu.itspiemonte.it is suspended
googleapiclient.discovery - DEBUG - URL being requested: PUT https://admin.googleapis.com/admin/directory/v1/users/marco.bosco%40edu.itspiemonte.it?alt=json
root - INFO - marco.bosco@edu.itspiemonte.it is suspended
googleapiclient.discovery - DEBUG - URL being requested: PUT https://admin.googleapis.com/admin/directory/v1/users/marco.cerino%40edu.itspiemonte.it?alt=json
root - INFO - marco.cerino@edu.itspiemonte.it is suspended
googleapiclient.discovery - DEBUG - URL being requested: PUT https://admin.googleapis.com/admin/directory/v1/users/marco.furlanetto%40edu.itspiemonte.it?alt=json
root - INFO - marco.furlanetto@edu.itspiemonte.it is suspended
googleapiclient.discovery - DEBUG - URL being requested: PUT https://admin.googleapis.com/admin/directory/v1/users/marco.guglielmino%40edu.itspiemonte.it?alt=json
root - INFO - marco.guglielmino@edu.itspiemonte.it is suspended
googleapiclient.discovery - DEBUG - URL being requested: PUT https://admin.googleapis.com/admin/directory/v1/users/marco.pepe%40edu.itspiemonte.it?alt=json
root - INFO - marco.pepe@edu.itspiemonte.it is suspended
googleapiclient.discovery - DEBUG - URL being requested: PUT https://admin.googleapis.com/admin/directory/v1/users/marco.porcu%40edu.itspiemonte.it?alt=json
root - INFO - marco.porcu@edu.itspiemonte.it is suspended
googleapiclient.discovery - DEBUG - URL being requested: PUT https://admin.googleapis.com/admin/directory/v1/users/marco.siciliano%40edu.itspiemonte.it?alt=json
root - INFO - marco.siciliano@edu.itspiemonte.it is suspended
googleapiclient.discovery - DEBUG - URL being requested: PUT https://admin.googleapis.com/admin/directory/v1/users/marco.stalteri%40edu.itspiemonte.it?alt=json
root - INFO - marco.stalteri@edu.itspiemonte.it is suspended
googleapiclient.discovery - DEBUG - URL being requested: PUT https://admin.googleapis.com/admin/directory/v1/users/marco.stevanella%40edu.itspiemonte.it?alt=json
root - INFO - marco.stevanella@edu.itspiemonte.it is suspended
googleapiclient.discovery - DEBUG - URL being requested: PUT https://admin.googleapis.com/admin/directory/v1/users/marinelli.emanuele%40edu.itspiemonte.it?alt=json
root - INFO - marinelli.emanuele@edu.itspiemonte.it is suspended
googleapiclient.discovery - DEBUG - URL being requested: PUT https://admin.googleapis.com/admin/directory/v1/users/martini.riccardo%40edu.itspiemonte.it?alt=json
root - INFO - martini.riccardo@edu.itspiemonte.it is suspended
googleapiclient.discovery - DEBUG - URL being requested: PUT https://admin.googleapis.com/admin/directory/v1/users/martino.airone%40edu.itspiemonte.it?alt=json
root - INFO - martino.airone@edu.itspiemonte.it is suspended
googleapiclient.discovery - DEBUG - URL being requested: PUT https://admin.googleapis.com/admin/directory/v1/users/mastromauro.riccardo%40edu.itspiemonte.it?alt=json
root - INFO - mastromauro.riccardo@edu.itspiemonte.it is suspended
googleapiclient.discovery - DEBUG - URL being requested: PUT https://admin.googleapis.com/admin/directory/v1/users/matteo.fronda%40edu.itspiemonte.it?alt=json
root - INFO - matteo.fronda@edu.itspiemonte.it is suspended
googleapiclient.discovery - DEBUG - URL being requested: PUT https://admin.googleapis.com/admin/directory/v1/users/matteo.ingrassia%40edu.itspiemonte.it?alt=json
root - INFO - matteo.ingrassia@edu.itspiemonte.it is suspended
googleapiclient.discovery - DEBUG - URL being requested: PUT https://admin.googleapis.com/admin/directory/v1/users/matteo.schenone%40edu.itspiemonte.it?alt=json
root - INFO - matteo.schenone@edu.itspiemonte.it is suspended
googleapiclient.discovery - DEBUG - URL being requested: PUT https://admin.googleapis.com/admin/directory/v1/users/matteo.terzi%40edu.itspiemonte.it?alt=json
root - INFO - matteo.terzi@edu.itspiemonte.it is suspended
googleapiclient.discovery - DEBUG - URL being requested: PUT https://admin.googleapis.com/admin/directory/v1/users/mattia.dalmazzo%40edu.itspiemonte.it?alt=json
root - INFO - mattia.dalmazzo@edu.itspiemonte.it is suspended
googleapiclient.discovery - DEBUG - URL being requested: PUT https://admin.googleapis.com/admin/directory/v1/users/maurizio.vergnano%40edu.itspiemonte.it?alt=json
root - INFO - maurizio.vergnano@edu.itspiemonte.it is suspended
googleapiclient.discovery - DEBUG - URL being requested: PUT https://admin.googleapis.com/admin/directory/v1/users/max.cangelosi%40edu.itspiemonte.it?alt=json
root - INFO - max.cangelosi@edu.itspiemonte.it is suspended
googleapiclient.discovery - DEBUG - URL being requested: PUT https://admin.googleapis.com/admin/directory/v1/users/melis.sabrina%40edu.itspiemonte.it?alt=json
root - INFO - melis.sabrina@edu.itspiemonte.it is suspended
googleapiclient.discovery - DEBUG - URL being requested: PUT https://admin.googleapis.com/admin/directory/v1/users/merlino.davide%40edu.itspiemonte.it?alt=json
root - INFO - merlino.davide@edu.itspiemonte.it is suspended
googleapiclient.discovery - DEBUG - URL being requested: PUT https://admin.googleapis.com/admin/directory/v1/users/mirko.cappa%40edu.itspiemonte.it?alt=json
root - INFO - mirko.cappa@edu.itspiemonte.it is suspended
googleapiclient.discovery - DEBUG - URL being requested: PUT https://admin.googleapis.com/admin/directory/v1/users/mondino.andrea%40edu.itspiemonte.it?alt=json
root - INFO - mondino.andrea@edu.itspiemonte.it is suspended
googleapiclient.discovery - DEBUG - URL being requested: PUT https://admin.googleapis.com/admin/directory/v1/users/morando.francesco%40edu.itspiemonte.it?alt=json
root - INFO - morando.francesco@edu.itspiemonte.it is suspended
googleapiclient.discovery - DEBUG - URL being requested: PUT https://admin.googleapis.com/admin/directory/v1/users/moreno.baldon%40edu.itspiemonte.it?alt=json
root - INFO - moreno.baldon@edu.itspiemonte.it is suspended
googleapiclient.discovery - DEBUG - URL being requested: PUT https://admin.googleapis.com/admin/directory/v1/users/mose.toure%40edu.itspiemonte.it?alt=json
root - INFO - mose.toure@edu.itspiemonte.it is suspended
googleapiclient.discovery - DEBUG - URL being requested: PUT https://admin.googleapis.com/admin/directory/v1/users/mussapi.francesco%40edu.itspiemonte.it?alt=json
root - INFO - mussapi.francesco@edu.itspiemonte.it is suspended
googleapiclient.discovery - DEBUG - URL being requested: PUT https://admin.googleapis.com/admin/directory/v1/users/nasto.thomas%40edu.itspiemonte.it?alt=json
root - INFO - nasto.thomas@edu.itspiemonte.it is suspended
googleapiclient.discovery - DEBUG - URL being requested: PUT https://admin.googleapis.com/admin/directory/v1/users/natalotto.davide%40edu.itspiemonte.it?alt=json
root - INFO - natalotto.davide@edu.itspiemonte.it is suspended
googleapiclient.discovery - DEBUG - URL being requested: PUT https://admin.googleapis.com/admin/directory/v1/users/nicola.ciccocioppo%40edu.itspiemonte.it?alt=json
root - INFO - nicola.ciccocioppo@edu.itspiemonte.it is suspended
googleapiclient.discovery - DEBUG - URL being requested: PUT https://admin.googleapis.com/admin/directory/v1/users/nicola.rossi%40edu.itspiemonte.it?alt=json
root - INFO - nicola.rossi@edu.itspiemonte.it is suspended
googleapiclient.discovery - DEBUG - URL being requested: PUT https://admin.googleapis.com/admin/directory/v1/users/nistor.adrian%40edu.itspiemonte.it?alt=json
root - INFO - nistor.adrian@edu.itspiemonte.it is suspended
googleapiclient.discovery - DEBUG - URL being requested: PUT https://admin.googleapis.com/admin/directory/v1/users/noudjeu.francis%40edu.itspiemonte.it?alt=json
root - INFO - noudjeu.francis@edu.itspiemonte.it is suspended
googleapiclient.discovery - DEBUG - URL being requested: PUT https://admin.googleapis.com/admin/directory/v1/users/novikov.roberto%40edu.itspiemonte.it?alt=json
root - INFO - novikov.roberto@edu.itspiemonte.it is suspended
googleapiclient.discovery - DEBUG - URL being requested: PUT https://admin.googleapis.com/admin/directory/v1/users/ouazidi.ayoub%40edu.itspiemonte.it?alt=json
root - INFO - ouazidi.ayoub@edu.itspiemonte.it is suspended
googleapiclient.discovery - DEBUG - URL being requested: PUT https://admin.googleapis.com/admin/directory/v1/users/paganini.alessandro%40edu.itspiemonte.it?alt=json
root - INFO - paganini.alessandro@edu.itspiemonte.it is suspended
googleapiclient.discovery - DEBUG - URL being requested: PUT https://admin.googleapis.com/admin/directory/v1/users/pasquino.simone%40edu.itspiemonte.it?alt=json
root - INFO - pasquino.simone@edu.itspiemonte.it is suspended
googleapiclient.discovery - DEBUG - URL being requested: PUT https://admin.googleapis.com/admin/directory/v1/users/pellegrino.claudio%40edu.itspiemonte.it?alt=json
root - INFO - pellegrino.claudio@edu.itspiemonte.it is suspended
googleapiclient.discovery - DEBUG - URL being requested: PUT https://admin.googleapis.com/admin/directory/v1/users/petiti.massimo%40edu.itspiemonte.it?alt=json
root - INFO - petiti.massimo@edu.itspiemonte.it is suspended
googleapiclient.discovery - DEBUG - URL being requested: PUT https://admin.googleapis.com/admin/directory/v1/users/piergiorgio.zan%40edu.itspiemonte.it?alt=json
root - INFO - piergiorgio.zan@edu.itspiemonte.it is suspended
googleapiclient.discovery - DEBUG - URL being requested: PUT https://admin.googleapis.com/admin/directory/v1/users/pietro.villa%40edu.itspiemonte.it?alt=json
root - INFO - pietro.villa@edu.itspiemonte.it is suspended
googleapiclient.discovery - DEBUG - URL being requested: PUT https://admin.googleapis.com/admin/directory/v1/users/pigoli.andrea%40edu.itspiemonte.it?alt=json
root - INFO - pigoli.andrea@edu.itspiemonte.it is suspended
googleapiclient.discovery - DEBUG - URL being requested: PUT https://admin.googleapis.com/admin/directory/v1/users/pinna.roberto%40edu.itspiemonte.it?alt=json
root - INFO - pinna.roberto@edu.itspiemonte.it is suspended
googleapiclient.discovery - DEBUG - URL being requested: PUT https://admin.googleapis.com/admin/directory/v1/users/pipino.matteo%40edu.itspiemonte.it?alt=json
root - INFO - pipino.matteo@edu.itspiemonte.it is suspended
googleapiclient.discovery - DEBUG - URL being requested: PUT https://admin.googleapis.com/admin/directory/v1/users/pirrotta.danilo%40edu.itspiemonte.it?alt=json
root - INFO - pirrotta.danilo@edu.itspiemonte.it is suspended
googleapiclient.discovery - DEBUG - URL being requested: PUT https://admin.googleapis.com/admin/directory/v1/users/pivetta.luca%40edu.itspiemonte.it?alt=json
root - INFO - pivetta.luca@edu.itspiemonte.it is suspended
googleapiclient.discovery - DEBUG - URL being requested: PUT https://admin.googleapis.com/admin/directory/v1/users/posca.davide%40edu.itspiemonte.it?alt=json
root - INFO - posca.davide@edu.itspiemonte.it is suspended
googleapiclient.discovery - DEBUG - URL being requested: PUT https://admin.googleapis.com/admin/directory/v1/users/racca.alessandro%40edu.itspiemonte.it?alt=json
root - INFO - racca.alessandro@edu.itspiemonte.it is suspended
googleapiclient.discovery - DEBUG - URL being requested: PUT https://admin.googleapis.com/admin/directory/v1/users/raineri.giorgio%40edu.itspiemonte.it?alt=json
root - INFO - raineri.giorgio@edu.itspiemonte.it is suspended
googleapiclient.discovery - DEBUG - URL being requested: PUT https://admin.googleapis.com/admin/directory/v1/users/regorda.riccardo%40edu.itspiemonte.it?alt=json
root - INFO - regorda.riccardo@edu.itspiemonte.it is suspended
googleapiclient.discovery - DEBUG - URL being requested: PUT https://admin.googleapis.com/admin/directory/v1/users/riccardo.monticelli%40edu.itspiemonte.it?alt=json
root - INFO - riccardo.monticelli@edu.itspiemonte.it is suspended
googleapiclient.discovery - DEBUG - URL being requested: PUT https://admin.googleapis.com/admin/directory/v1/users/riccardo.rizzo%40edu.itspiemonte.it?alt=json
root - INFO - riccardo.rizzo@edu.itspiemonte.it is suspended
googleapiclient.discovery - DEBUG - URL being requested: PUT https://admin.googleapis.com/admin/directory/v1/users/ronaldo.bairati%40edu.itspiemonte.it?alt=json
root - INFO - ronaldo.bairati@edu.itspiemonte.it is suspended
googleapiclient.discovery - DEBUG - URL being requested: PUT https://admin.googleapis.com/admin/directory/v1/users/rumieri.mirko%40edu.itspiemonte.it?alt=json
root - INFO - rumieri.mirko@edu.itspiemonte.it is suspended
googleapiclient.discovery - DEBUG - URL being requested: PUT https://admin.googleapis.com/admin/directory/v1/users/sacchetto.samuele%40edu.itspiemonte.it?alt=json
root - INFO - sacchetto.samuele@edu.itspiemonte.it is suspended
googleapiclient.discovery - DEBUG - URL being requested: PUT https://admin.googleapis.com/admin/directory/v1/users/salaheddine.sougrati%40edu.itspiemonte.it?alt=json
root - INFO - salaheddine.sougrati@edu.itspiemonte.it is suspended
googleapiclient.discovery - DEBUG - URL being requested: PUT https://admin.googleapis.com/admin/directory/v1/users/samuele.bertolone%40edu.itspiemonte.it?alt=json
root - INFO - samuele.bertolone@edu.itspiemonte.it is suspended
googleapiclient.discovery - DEBUG - URL being requested: PUT https://admin.googleapis.com/admin/directory/v1/users/sapia.raffaele%40edu.itspiemonte.it?alt=json
root - INFO - sapia.raffaele@edu.itspiemonte.it is suspended
googleapiclient.discovery - DEBUG - URL being requested: PUT https://admin.googleapis.com/admin/directory/v1/users/savasta.loris%40edu.itspiemonte.it?alt=json
root - INFO - savasta.loris@edu.itspiemonte.it is suspended
googleapiclient.discovery - DEBUG - URL being requested: PUT https://admin.googleapis.com/admin/directory/v1/users/sergio.dimarzio%40edu.itspiemonte.it?alt=json
root - INFO - sergio.dimarzio@edu.itspiemonte.it is suspended
googleapiclient.discovery - DEBUG - URL being requested: PUT https://admin.googleapis.com/admin/directory/v1/users/sergio.dimarzo%40edu.itspiemonte.it?alt=json
root - INFO - sergio.dimarzo@edu.itspiemonte.it is suspended
googleapiclient.discovery - DEBUG - URL being requested: PUT https://admin.googleapis.com/admin/directory/v1/users/simone.iorio%40edu.itspiemonte.it?alt=json
root - INFO - simone.iorio@edu.itspiemonte.it is suspended
googleapiclient.discovery - DEBUG - URL being requested: PUT https://admin.googleapis.com/admin/directory/v1/users/simone.luca%40edu.itspiemonte.it?alt=json
root - INFO - simone.luca@edu.itspiemonte.it is suspended
googleapiclient.discovery - DEBUG - URL being requested: PUT https://admin.googleapis.com/admin/directory/v1/users/simone.mampreso%40edu.itspiemonte.it?alt=json
root - INFO - simone.mampreso@edu.itspiemonte.it is suspended
googleapiclient.discovery - DEBUG - URL being requested: PUT https://admin.googleapis.com/admin/directory/v1/users/simone.novelli%40edu.itspiemonte.it?alt=json
root - INFO - simone.novelli@edu.itspiemonte.it is suspended
googleapiclient.discovery - DEBUG - URL being requested: PUT https://admin.googleapis.com/admin/directory/v1/users/soddu.gabriele%40edu.itspiemonte.it?alt=json
root - INFO - soddu.gabriele@edu.itspiemonte.it is suspended
googleapiclient.discovery - DEBUG - URL being requested: PUT https://admin.googleapis.com/admin/directory/v1/users/stefano.basta%40edu.itspiemonte.it?alt=json
root - INFO - stefano.basta@edu.itspiemonte.it is suspended
googleapiclient.discovery - DEBUG - URL being requested: PUT https://admin.googleapis.com/admin/directory/v1/users/stefano.burzio%40edu.itspiemonte.it?alt=json
root - INFO - stefano.burzio@edu.itspiemonte.it is suspended
googleapiclient.discovery - DEBUG - URL being requested: PUT https://admin.googleapis.com/admin/directory/v1/users/stefano.dininno%40edu.itspiemonte.it?alt=json
root - INFO - stefano.dininno@edu.itspiemonte.it is suspended
googleapiclient.discovery - DEBUG - URL being requested: PUT https://admin.googleapis.com/admin/directory/v1/users/stefano.gavello%40edu.itspiemonte.it?alt=json
root - INFO - stefano.gavello@edu.itspiemonte.it is suspended
googleapiclient.discovery - DEBUG - URL being requested: PUT https://admin.googleapis.com/admin/directory/v1/users/stefano.pegolo%40edu.itspiemonte.it?alt=json
root - INFO - stefano.pegolo@edu.itspiemonte.it is suspended
googleapiclient.discovery - DEBUG - URL being requested: PUT https://admin.googleapis.com/admin/directory/v1/users/stefano.schembri%40edu.itspiemonte.it?alt=json
root - INFO - stefano.schembri@edu.itspiemonte.it is suspended
googleapiclient.discovery - DEBUG - URL being requested: PUT https://admin.googleapis.com/admin/directory/v1/users/stefano.vindrola%40edu.itspiemonte.it?alt=json
root - INFO - stefano.vindrola@edu.itspiemonte.it is suspended
googleapiclient.discovery - DEBUG - URL being requested: PUT https://admin.googleapis.com/admin/directory/v1/users/sylaj.reson%40edu.itspiemonte.it?alt=json
root - INFO - sylaj.reson@edu.itspiemonte.it is suspended
googleapiclient.discovery - DEBUG - URL being requested: PUT https://admin.googleapis.com/admin/directory/v1/users/tarchini.bojczukthomas%40edu.itspiemonte.it?alt=json
root - INFO - tarchini.bojczukthomas@edu.itspiemonte.it is suspended
googleapiclient.discovery - DEBUG - URL being requested: PUT https://admin.googleapis.com/admin/directory/v1/users/tascini.lucrezia%40edu.itspiemonte.it?alt=json
root - INFO - tascini.lucrezia@edu.itspiemonte.it is suspended
googleapiclient.discovery - DEBUG - URL being requested: PUT https://admin.googleapis.com/admin/directory/v1/users/tassone.paolo%40edu.itspiemonte.it?alt=json
root - INFO - tassone.paolo@edu.itspiemonte.it is suspended
googleapiclient.discovery - DEBUG - URL being requested: PUT https://admin.googleapis.com/admin/directory/v1/users/tomasi.luca%40edu.itspiemonte.it?alt=json
root - INFO - tomasi.luca@edu.itspiemonte.it is suspended
googleapiclient.discovery - DEBUG - URL being requested: PUT https://admin.googleapis.com/admin/directory/v1/users/tonani.jacopo%40edu.itspiemonte.it?alt=json
root - INFO - tonani.jacopo@edu.itspiemonte.it is suspended
googleapiclient.discovery - DEBUG - URL being requested: PUT https://admin.googleapis.com/admin/directory/v1/users/tosi.nicolo%40edu.itspiemonte.it?alt=json
root - INFO - tosi.nicolo@edu.itspiemonte.it is suspended
googleapiclient.discovery - DEBUG - URL being requested: PUT https://admin.googleapis.com/admin/directory/v1/users/toure.mose%40edu.itspiemonte.it?alt=json
root - INFO - toure.mose@edu.itspiemonte.it is suspended
googleapiclient.discovery - DEBUG - URL being requested: PUT https://admin.googleapis.com/admin/directory/v1/users/trotta.stefano%40edu.itspiemonte.it?alt=json
root - INFO - trotta.stefano@edu.itspiemonte.it is suspended
googleapiclient.discovery - DEBUG - URL being requested: PUT https://admin.googleapis.com/admin/directory/v1/users/valeria.acchiardi%40edu.itspiemonte.it?alt=json
root - INFO - valeria.acchiardi@edu.itspiemonte.it is suspended
googleapiclient.discovery - DEBUG - URL being requested: PUT https://admin.googleapis.com/admin/directory/v1/users/vincenzo.mastromatteo%40edu.itspiemonte.it?alt=json
root - INFO - vincenzo.mastromatteo@edu.itspiemonte.it is suspended
googleapiclient.discovery - DEBUG - URL being requested: PUT https://admin.googleapis.com/admin/directory/v1/users/wilmer.delacruz%40edu.itspiemonte.it?alt=json
root - INFO - wilmer.delacruz@edu.itspiemonte.it is suspended
googleapiclient.discovery - DEBUG - URL being requested: PUT https://admin.googleapis.com/admin/directory/v1/users/youssef.abdelaziz%40edu.itspiemonte.it?alt=json
root - INFO - youssef.abdelaziz@edu.itspiemonte.it is suspended
googleapiclient.discovery - DEBUG - URL being requested: PUT https://admin.googleapis.com/admin/directory/v1/users/yurchyshyn.mykyta%40edu.itspiemonte.it?alt=json
root - INFO - yurchyshyn.mykyta@edu.itspiemonte.it is suspended
